ubuntu5 | SUCCESS => {
    "ansible_facts": {
        "ansible_apparmor": {
            "status": "disabled"
        }, 
        "ansible_architecture": "x86_64", 
        "ansible_bios_date": "07/02/2015", 
        "ansible_bios_version": "6.00", 
        "ansible_cmdline": {
            "BOOT_IMAGE": "/vmlinuz-3.10.0-693.el7.x86_64", 
            "LANG": "en_US.UTF-8", 
            "crashkernel": "auto", 
            "quiet": true, 
            "rd.lvm.lv": "centos/swap", 
            "rhgb": true, 
            "ro": true, 
            "root": "/dev/mapper/centos-root"
        }, 
        "ansible_date_time": {
            "date": "2018-08-01", 
            "day": "01", 
            "epoch": "1533114946", 
            "hour": "09", 
            "iso8601": "2018-08-01T09:15:46Z", 
            "iso8601_basic": "20180801T091546043497", 
            "iso8601_basic_short": "20180801T091546", 
            "iso8601_micro": "2018-08-01T09:15:46.043585Z", 
            "minute": "15", 
            "month": "08", 
            "second": "46", 
            "time": "09:15:46", 
            "tz": "UTC", 
            "tz_offset": "+0000", 
            "weekday": "Wednesday", 
            "weekday_number": "3", 
            "weeknumber": "31", 
            "year": "2018"
        }, 
        "ansible_device_links": {
            "ids": {}, 
            "labels": {}, 
            "masters": {
                "sda2": [
                    "dm-0", 
                    "dm-1"
                ]
            }, 
            "uuids": {}
        }, 
        "ansible_devices": {
            "dm-0": {
                "holders": [], 
                "host": "", 
                "links": {
                    "ids": [], 
                    "labels": [], 
                    "masters": [], 
                    "uuids": []
                }, 
                "model": null, 
                "partitions": {}, 
                "removable": "0", 
                "rotational": "1", 
                "sas_address": null, 
                "sas_device_handle": null, 
                "scheduler_mode": "", 
                "sectors": "35643392", 
                "sectorsize": "512", 
                "size": "17.00 GB", 
                "support_discard": "0", 
                "vendor": null, 
                "virtual": 1
            }, 
            "dm-1": {
                "holders": [], 
                "host": "", 
                "links": {
                    "ids": [], 
                    "labels": [], 
                    "masters": [], 
                    "uuids": []
                }, 
                "model": null, 
                "partitions": {}, 
                "removable": "0", 
                "rotational": "1", 
                "sas_address": null, 
                "sas_device_handle": null, 
                "scheduler_mode": "", 
                "sectors": "4194304", 
                "sectorsize": "512", 
                "size": "2.00 GB", 
                "support_discard": "0", 
                "vendor": null, 
                "virtual": 1
            }, 
            "sda": {
                "holders": [], 
                "host": "", 
                "links": {
                    "ids": [], 
                    "labels": [], 
                    "masters": [], 
                    "uuids": []
                }, 
                "model": "VMware Virtual S", 
                "partitions": {
                    "sda1": {
                        "holders": [], 
                        "links": {
                            "ids": [], 
                            "labels": [], 
                            "masters": [], 
                            "uuids": []
                        }, 
                        "sectors": "2097152", 
                        "sectorsize": 512, 
                        "size": "1.00 GB", 
                        "start": "2048", 
                        "uuid": null
                    }, 
                    "sda2": {
                        "holders": [
                            "centos-root", 
                            "centos-swap"
                        ], 
                        "links": {
                            "ids": [], 
                            "labels": [], 
                            "masters": [
                                "dm-0", 
                                "dm-1"
                            ], 
                            "uuids": []
                        }, 
                        "sectors": "39843840", 
                        "sectorsize": 512, 
                        "size": "19.00 GB", 
                        "start": "2099200", 
                        "uuid": null
                    }
                }, 
                "removable": "0", 
                "rotational": "1", 
                "sas_address": null, 
                "sas_device_handle": null, 
                "scheduler_mode": "deadline", 
                "sectors": "41943040", 
                "sectorsize": "512", 
                "size": "20.00 GB", 
                "support_discard": "0", 
                "vendor": "VMware,", 
                "virtual": 1
            }, 
            "sr0": {
                "holders": [], 
                "host": "", 
                "links": {
                    "ids": [], 
                    "labels": [], 
                    "masters": [], 
                    "uuids": []
                }, 
                "model": "VMware IDE CDR10", 
                "partitions": {}, 
                "removable": "1", 
                "rotational": "1", 
                "sas_address": null, 
                "sas_device_handle": null, 
                "scheduler_mode": "cfq", 
                "sectors": "2097151", 
                "sectorsize": "512", 
                "size": "1024.00 MB", 
                "support_discard": "0", 
                "vendor": "NECVMWar", 
                "virtual": 1
            }
        }, 
        "ansible_distribution": "Ubuntu", 
        "ansible_distribution_file_parsed": true, 
        "ansible_distribution_file_path": "/etc/os-release", 
        "ansible_distribution_file_variety": "Debian", 
        "ansible_distribution_major_version": "16", 
        "ansible_distribution_release": "xenial", 
        "ansible_distribution_version": "16.04", 
        "ansible_dns": {
            "nameservers": [
                "103.219.204.27", 
                "8.8.8.8", 
                "192.168.1.1"
            ]
        }, 
        "ansible_domain": "", 
        "ansible_effective_group_id": 0, 
        "ansible_effective_user_id": 0, 
        "ansible_env": {
            "HOME": "/root", 
            "LANG": "C", 
            "LC_ALL": "C", 
            "LC_MESSAGES": "C", 
            "LOGNAME": "root", 
            "MAIL": "/var/mail/root", 
            "PATH": "/usr/local/sbin:/usr/local/bin:/usr/sbin:/usr/bin:/sbin:/bin:/usr/games:/usr/local/games", 
            "PWD": "/root", 
            "SHELL": "/bin/bash", 
            "SHLVL": "1", 
            "SSH_CLIENT": "172.17.0.1 43832 22", 
            "SSH_CONNECTION": "172.17.0.1 43832 172.17.0.13 22", 
            "SSH_TTY": "/dev/pts/1", 
            "TERM": "xterm-256color", 
            "USER": "root", 
            "_": "/bin/sh"
        }, 
        "ansible_fips": false, 
        "ansible_form_factor": "Other", 
        "ansible_fqdn": "0948cf83a0ca", 
        "ansible_hostname": "0948cf83a0ca", 
        "ansible_kernel": "3.10.0-693.el7.x86_64", 
        "ansible_local": {}, 
        "ansible_lsb": {
            "codename": "xenial", 
            "description": "\"Ubuntu 16.04.5 LTS\"", 
            "id": "Ubuntu", 
            "major_release": "16", 
            "release": "16.04"
        }, 
        "ansible_machine": "x86_64", 
        "ansible_memfree_mb": 10110, 
        "ansible_memory_mb": {
            "nocache": {
                "free": 13433, 
                "used": 2437
            }, 
            "real": {
                "free": 10110, 
                "total": 15870, 
                "used": 5760
            }, 
            "swap": {
                "cached": 0, 
                "free": 2047, 
                "total": 2047, 
                "used": 0
            }
        }, 
        "ansible_memtotal_mb": 15870, 
        "ansible_mounts": [
            {
                "block_available": 1189102, 
                "block_size": 4096, 
                "block_total": 4452864, 
                "block_used": 3263762, 
                "device": "/dev/mapper/centos-root", 
                "fstype": "xfs", 
                "inode_available": 8605084, 
                "inode_total": 8910848, 
                "inode_used": 305764, 
                "mount": "/etc/resolv.conf", 
                "options": "rw,seclabel,relatime,attr2,inode64,noquota,bind", 
                "size_available": 4870561792, 
                "size_total": 18238930944, 
                "uuid": "N/A"
            }, 
            {
                "block_available": 1189102, 
                "block_size": 4096, 
                "block_total": 4452864, 
                "block_used": 3263762, 
                "device": "/dev/mapper/centos-root", 
                "fstype": "xfs", 
                "inode_available": 8605084, 
                "inode_total": 8910848, 
                "inode_used": 305764, 
                "mount": "/etc/hostname", 
                "options": "rw,seclabel,relatime,attr2,inode64,noquota,bind", 
                "size_available": 4870561792, 
                "size_total": 18238930944, 
                "uuid": "N/A"
            }, 
            {
                "block_available": 1189102, 
                "block_size": 4096, 
                "block_total": 4452864, 
                "block_used": 3263762, 
                "device": "/dev/mapper/centos-root", 
                "fstype": "xfs", 
                "inode_available": 8605084, 
                "inode_total": 8910848, 
                "inode_used": 305764, 
                "mount": "/etc/hosts", 
                "options": "rw,seclabel,relatime,attr2,inode64,noquota,bind", 
                "size_available": 4870561792, 
                "size_total": 18238930944, 
                "uuid": "N/A"
            }
        ], 
        "ansible_nodename": "0948cf83a0ca", 
        "ansible_os_family": "Debian", 
        "ansible_pkg_mgr": "apt", 
        "ansible_processor": [
            "0", 
            "GenuineIntel", 
            "Intel(R) Core(TM) i3-2120 CPU @ 3.30GHz"
        ], 
        "ansible_processor_cores": 1, 
        "ansible_processor_count": 1, 
        "ansible_processor_threads_per_core": 1, 
        "ansible_processor_vcpus": 1, 
        "ansible_product_name": "VMware Virtual Platform", 
        "ansible_product_serial": "VMware-56 4d 4f 90 e9 06 40 e7-d5 00 85 a1 de 4b 1e 8d", 
        "ansible_product_uuid": "904F4D56-06E9-E740-D500-85A1DE4B1E8D", 
        "ansible_product_version": "None", 
        "ansible_python": {
            "executable": "/usr/bin/python", 
            "has_sslcontext": true, 
            "type": "CPython", 
            "version": {
                "major": 2, 
                "micro": 12, 
                "minor": 7, 
                "releaselevel": "final", 
                "serial": 0
            }, 
            "version_info": [
                2, 
                7, 
                12, 
                "final", 
                0
            ]
        }, 
        "ansible_python_version": "2.7.12", 
        "ansible_real_group_id": 0, 
        "ansible_real_user_id": 0, 
        "ansible_selinux": {
            "status": "Missing selinux Python library"
        }, 
        "ansible_selinux_python_present": false, 
        "ansible_service_mgr": "sshd", 
        "ansible_ssh_host_key_dsa_public": "AAAAB3NzaC1kc3MAAACBAKiQGclB1qtIiDeoNySQetUIUshqbP2HYTWM39/sE8n11oy31vVmOmLP3jPmvb1WjdrilZhzVYmB6nLGAI6uYJeMkp6iZAo7kDYJcqbGJ1SEzOjaH5Ci/tszYjzE62IaJjOBXpM0b7fFht9lBDtZua8iOnCG5pJThOD+K1soPG8FAAAAFQCwIFUyQsrratFsG565h/RpQeKQAwAAAIAJkXh7Y+uHTI+ALkS4dEli5e0OPgZG26AUUSL+iJUNM+ZXfAhxS+aSPMnQZ17/kJ32Qe37ksVlyVz5f2jG+UwO0gnUjLV52mCeRXkcNIXgb5DQA7nDfir4BYF/EE0bxgDYM5bBgGvGPOw/BSF0LXGwSIC/KiLkjNUQ2N6gPXK0gQAAAIAaaw0k8iIVXzTzEKAaXQ6dmARPOI7Za4c3ZsQAjHWpheDshjKLj5HtF89lHmWy6D2Dz8sJzcjdcjf3J6lgGdN3zzch3lIKe6zpJVToBXjTWQppn4okPFOFrRKjBfeQRDr5nCk7MJ9/axO5x78wGV7X+9LnBv87k5/dDL/7rTWdYg==", 
        "ansible_ssh_host_key_ecdsa_public": "AAAAE2VjZHNhLXNoYTItbmlzdHAyNTYAAAAIbmlzdHAyNTYAAABBBHzjacd+ru18rkTrFVleHRGplEzvjjz4QPnyAcRqVMxhBoNonMNoO6FQvsVlKuakT/Zci5PgVCucT4IwkWq/6J4=", 
        "ansible_ssh_host_key_ed25519_public": "AAAAC3NzaC1lZDI1NTE5AAAAIEMb4TJxGuKdx/vx0RWPYm5PBhY7Ag1xF35yA4vbBsAN", 
        "ansible_ssh_host_key_rsa_public": "AAAAB3NzaC1yc2EAAAADAQABAAABAQDKe0dRW/4qFQX52NqEbeWgSA1VgJx08BqBcRh5g/bwP7ot7sz6yD5v52NE831+4ZNCbm2ZnHIxxZD4VL1E0wu1cpvd/63VSaDsOf6T2J8eTj94UX7+FY5o3ATvj4uJPbQn20gjwQigX5xMtQafRzC77IxaBjZVlcK/CsOMQM3O1STm3HasyJzGRal7nrGl2LjMJ74nmTUJHyxImVarBv5RpYfej4srpr5GrM5xdf3ZGcAfl5vbodOA/iGJWo/mkEGdjYzxY+KQO5xQWH7F7mKAPAjLBx946pDX6vgm97/NEklyRYI8TN1XyZCoxQGgq6riSOzVYgj037Nq8/d6fYj9", 
        "ansible_swapfree_mb": 2047, 
        "ansible_swaptotal_mb": 2047, 
        "ansible_system": "Linux", 
        "ansible_system_capabilities": [
            "cap_chown", 
            "cap_dac_override", 
            "cap_fowner", 
            "cap_fsetid", 
            "cap_kill", 
            "cap_setgid", 
            "cap_setuid", 
            "cap_setpcap", 
            "cap_net_bind_service", 
            "cap_net_raw", 
            "cap_sys_chroot", 
            "cap_mknod", 
            "cap_audit_write", 
            "cap_setfcap+eip"
        ], 
        "ansible_system_capabilities_enforced": "True", 
        "ansible_system_vendor": "VMware, Inc.", 
        "ansible_uptime_seconds": 39598, 
        "ansible_user_dir": "/root", 
        "ansible_user_gecos": "root", 
        "ansible_user_gid": 0, 
        "ansible_user_id": "root", 
        "ansible_user_shell": "/bin/bash", 
        "ansible_user_uid": 0, 
        "ansible_userspace_architecture": "x86_64", 
        "ansible_userspace_bits": "64", 
        "ansible_virtualization_role": "guest", 
        "ansible_virtualization_type": "docker", 
        "gather_subset": [
            "all"
        ], 
        "module_setup": true
    }, 
    "changed": false
}
